C:\Users\Anuitex-103\source\repos\BlackJack\BlackJack.UI\Scripts\out-tsc\app\app.component.js
C:\Users\Anuitex-103\source\repos\BlackJack\BlackJack.UI\Scripts\out-tsc\app\app.component.js.map
C:\Users\Anuitex-103\source\repos\BlackJack\BlackJack.UI\Scripts\out-tsc\app\app-routing.module.js
C:\Users\Anuitex-103\source\repos\BlackJack\BlackJack.UI\Scripts\out-tsc\app\app-routing.module.js.map
C:\Users\Anuitex-103\source\repos\BlackJack\BlackJack.UI\Scripts\out-tsc\app\app.module.js
C:\Users\Anuitex-103\source\repos\BlackJack\BlackJack.UI\Scripts\out-tsc\app\app.module.js.map
C:\Users\Anuitex-103\source\repos\BlackJack\BlackJack.UI\Scripts\out-tsc\environments\environment.js
C:\Users\Anuitex-103\source\repos\BlackJack\BlackJack.UI\Scripts\out-tsc\environments\environment.js.map
C:\Users\Anuitex-103\source\repos\BlackJack\BlackJack.UI\Scripts\out-tsc\main.js
C:\Users\Anuitex-103\source\repos\BlackJack\BlackJack.UI\Scripts\out-tsc\main.js.map
C:\Users\Anuitex-103\source\repos\BlackJack\BlackJack.UI\Scripts\out-tsc\polyfills.js
C:\Users\Anuitex-103\source\repos\BlackJack\BlackJack.UI\Scripts\out-tsc\polyfills.js.map
C:\Users\Anuitex-103\source\repos\BlackJack\BlackJack.UI\Scripts\out-tsc\test.js
C:\Users\Anuitex-103\source\repos\BlackJack\BlackJack.UI\Scripts\out-tsc\test.js.map
C:\Users\Anuitex-103\source\repos\BlackJack\BlackJack.UI\Scripts\out-tsc\app\app-routing.module.spec.js
C:\Users\Anuitex-103\source\repos\BlackJack\BlackJack.UI\Scripts\out-tsc\app\app-routing.module.spec.js.map
C:\Users\Anuitex-103\source\repos\BlackJack\BlackJack.UI\Scripts\out-tsc\app\app.component.spec.js
C:\Users\Anuitex-103\source\repos\BlackJack\BlackJack.UI\Scripts\out-tsc\app\app.component.spec.js.map
C:\Users\Anuitex-103\source\repos\BlackJack\BlackJack.UI\Scripts\out-tsc\environments\environment.prod.js
C:\Users\Anuitex-103\source\repos\BlackJack\BlackJack.UI\Scripts\out-tsc\environments\environment.prod.js.map
C:\Users\Anuitex-103\source\repos\BlackJack\BlackJack.UI\Scripts\out-tsc\app\game-process\game-process.component.js
C:\Users\Anuitex-103\source\repos\BlackJack\BlackJack.UI\Scripts\out-tsc\app\game-process\game-process.component.js.map
C:\Users\Anuitex-103\source\repos\BlackJack\BlackJack.UI\Scripts\out-tsc\app\game-process\game-process-routing.module.js
C:\Users\Anuitex-103\source\repos\BlackJack\BlackJack.UI\Scripts\out-tsc\app\game-process\game-process-routing.module.js.map
C:\Users\Anuitex-103\source\repos\BlackJack\BlackJack.UI\Scripts\out-tsc\app\game-process\game-process.component.spec.js
C:\Users\Anuitex-103\source\repos\BlackJack\BlackJack.UI\Scripts\out-tsc\app\game-process\game-process.component.spec.js.map
C:\Users\Anuitex-103\source\repos\BlackJack\BlackJack.UI\Scripts\out-tsc\app\game-process\game-process.module.js
C:\Users\Anuitex-103\source\repos\BlackJack\BlackJack.UI\Scripts\out-tsc\app\game-process\game-process.module.js.map
C:\Users\Anuitex-103\source\repos\BlackJack\BlackJack.UI\Scripts\out-tsc\app\game-process\game-process.module.spec.js
C:\Users\Anuitex-103\source\repos\BlackJack\BlackJack.UI\Scripts\out-tsc\app\game-process\game-process.module.spec.js.map
C:\Users\Anuitex-103\source\repos\BlackJack\BlackJack.UI\Scripts\out-tsc\app\hello-screen\hello-screen.component.js
C:\Users\Anuitex-103\source\repos\BlackJack\BlackJack.UI\Scripts\out-tsc\app\hello-screen\hello-screen.component.js.map
C:\Users\Anuitex-103\source\repos\BlackJack\BlackJack.UI\Scripts\out-tsc\app\hello-screen\hello-screen-routing.module.js
C:\Users\Anuitex-103\source\repos\BlackJack\BlackJack.UI\Scripts\out-tsc\app\hello-screen\hello-screen-routing.module.js.map
C:\Users\Anuitex-103\source\repos\BlackJack\BlackJack.UI\Scripts\out-tsc\app\hello-screen\hello-screen.component.spec.js
C:\Users\Anuitex-103\source\repos\BlackJack\BlackJack.UI\Scripts\out-tsc\app\hello-screen\hello-screen.component.spec.js.map
C:\Users\Anuitex-103\source\repos\BlackJack\BlackJack.UI\Scripts\out-tsc\app\hello-screen\hello-screen.module.js
C:\Users\Anuitex-103\source\repos\BlackJack\BlackJack.UI\Scripts\out-tsc\app\hello-screen\hello-screen.module.js.map
C:\Users\Anuitex-103\source\repos\BlackJack\BlackJack.UI\Scripts\out-tsc\app\hello-screen\hello-screen.module.spec.js
C:\Users\Anuitex-103\source\repos\BlackJack\BlackJack.UI\Scripts\out-tsc\app\hello-screen\hello-screen.module.spec.js.map
C:\Users\Anuitex-103\source\repos\BlackJack\BlackJack.UI\Scripts\out-tsc\app\history-list-games-of-player\history-list-games-of-player-routing.module.js
C:\Users\Anuitex-103\source\repos\BlackJack\BlackJack.UI\Scripts\out-tsc\app\history-list-games-of-player\history-list-games-of-player-routing.module.js.map
C:\Users\Anuitex-103\source\repos\BlackJack\BlackJack.UI\Scripts\out-tsc\app\history-list-games-of-player\history-list-games-of-player.component.js
C:\Users\Anuitex-103\source\repos\BlackJack\BlackJack.UI\Scripts\out-tsc\app\history-list-games-of-player\history-list-games-of-player.component.js.map
C:\Users\Anuitex-103\source\repos\BlackJack\BlackJack.UI\Scripts\out-tsc\app\history-list-games-of-player\history-list-games-of-player.component.spec.js
C:\Users\Anuitex-103\source\repos\BlackJack\BlackJack.UI\Scripts\out-tsc\app\history-list-games-of-player\history-list-games-of-player.component.spec.js.map
C:\Users\Anuitex-103\source\repos\BlackJack\BlackJack.UI\Scripts\out-tsc\app\history-list-games-of-player\history-list-games-of-player.module.js
C:\Users\Anuitex-103\source\repos\BlackJack\BlackJack.UI\Scripts\out-tsc\app\history-list-games-of-player\history-list-games-of-player.module.js.map
C:\Users\Anuitex-103\source\repos\BlackJack\BlackJack.UI\Scripts\out-tsc\app\history-list-games-of-player\history-list-games-of-player.module.spec.js
C:\Users\Anuitex-103\source\repos\BlackJack\BlackJack.UI\Scripts\out-tsc\app\history-list-games-of-player\history-list-games-of-player.module.spec.js.map
C:\Users\Anuitex-103\source\repos\BlackJack\BlackJack.UI\Scripts\out-tsc\app\history-list-players\history-list-players.component.js
C:\Users\Anuitex-103\source\repos\BlackJack\BlackJack.UI\Scripts\out-tsc\app\history-list-players\history-list-players.component.js.map
C:\Users\Anuitex-103\source\repos\BlackJack\BlackJack.UI\Scripts\out-tsc\app\history-list-players\history-list-players-routing.module.js
C:\Users\Anuitex-103\source\repos\BlackJack\BlackJack.UI\Scripts\out-tsc\app\history-list-players\history-list-players-routing.module.js.map
C:\Users\Anuitex-103\source\repos\BlackJack\BlackJack.UI\Scripts\out-tsc\app\history-list-players\history-list-players.component.spec.js
C:\Users\Anuitex-103\source\repos\BlackJack\BlackJack.UI\Scripts\out-tsc\app\history-list-players\history-list-players.component.spec.js.map
C:\Users\Anuitex-103\source\repos\BlackJack\BlackJack.UI\Scripts\out-tsc\app\history-list-players\history-list-players.module.js
C:\Users\Anuitex-103\source\repos\BlackJack\BlackJack.UI\Scripts\out-tsc\app\history-list-players\history-list-players.module.js.map
C:\Users\Anuitex-103\source\repos\BlackJack\BlackJack.UI\Scripts\out-tsc\app\history-list-players\history-list-players.module.spec.js
C:\Users\Anuitex-103\source\repos\BlackJack\BlackJack.UI\Scripts\out-tsc\app\history-list-players\history-list-players.module.spec.js.map
C:\Users\Anuitex-103\source\repos\BlackJack\BlackJack.UI\Scripts\out-tsc\app\history-list-rounds-of-game\history-list-rounds-of-game-routing.module.js
C:\Users\Anuitex-103\source\repos\BlackJack\BlackJack.UI\Scripts\out-tsc\app\history-list-rounds-of-game\history-list-rounds-of-game-routing.module.js.map
C:\Users\Anuitex-103\source\repos\BlackJack\BlackJack.UI\Scripts\out-tsc\app\history-list-rounds-of-game\history-list-rounds-of-game.component.js
C:\Users\Anuitex-103\source\repos\BlackJack\BlackJack.UI\Scripts\out-tsc\app\history-list-rounds-of-game\history-list-rounds-of-game.component.js.map
C:\Users\Anuitex-103\source\repos\BlackJack\BlackJack.UI\Scripts\out-tsc\app\history-list-rounds-of-game\history-list-rounds-of-game.component.spec.js
C:\Users\Anuitex-103\source\repos\BlackJack\BlackJack.UI\Scripts\out-tsc\app\history-list-rounds-of-game\history-list-rounds-of-game.component.spec.js.map
C:\Users\Anuitex-103\source\repos\BlackJack\BlackJack.UI\Scripts\out-tsc\app\history-list-rounds-of-game\history-list-rounds-of-game.module.js
C:\Users\Anuitex-103\source\repos\BlackJack\BlackJack.UI\Scripts\out-tsc\app\history-list-rounds-of-game\history-list-rounds-of-game.module.js.map
C:\Users\Anuitex-103\source\repos\BlackJack\BlackJack.UI\Scripts\out-tsc\app\history-list-rounds-of-game\history-list-rounds-of-game.module.spec.js
C:\Users\Anuitex-103\source\repos\BlackJack\BlackJack.UI\Scripts\out-tsc\app\history-list-rounds-of-game\history-list-rounds-of-game.module.spec.js.map
C:\Users\Anuitex-103\source\repos\BlackJack\BlackJack.UI\Scripts\out-tsc\app\start-game-options\start-game-options.component.js
C:\Users\Anuitex-103\source\repos\BlackJack\BlackJack.UI\Scripts\out-tsc\app\start-game-options\start-game-options.component.js.map
C:\Users\Anuitex-103\source\repos\BlackJack\BlackJack.UI\Scripts\out-tsc\app\start-game-options\start-game-options-routing.module.js
C:\Users\Anuitex-103\source\repos\BlackJack\BlackJack.UI\Scripts\out-tsc\app\start-game-options\start-game-options-routing.module.js.map
C:\Users\Anuitex-103\source\repos\BlackJack\BlackJack.UI\Scripts\out-tsc\app\start-game-options\start-game-options.component.spec.js
C:\Users\Anuitex-103\source\repos\BlackJack\BlackJack.UI\Scripts\out-tsc\app\start-game-options\start-game-options.component.spec.js.map
C:\Users\Anuitex-103\source\repos\BlackJack\BlackJack.UI\Scripts\out-tsc\app\start-game-options\start-game-options.module.js
C:\Users\Anuitex-103\source\repos\BlackJack\BlackJack.UI\Scripts\out-tsc\app\start-game-options\start-game-options.module.js.map
C:\Users\Anuitex-103\source\repos\BlackJack\BlackJack.UI\Scripts\out-tsc\app\start-game-options\start-game-options.module.spec.js
C:\Users\Anuitex-103\source\repos\BlackJack\BlackJack.UI\Scripts\out-tsc\app\start-game-options\start-game-options.module.spec.js.map
