C:\Users\Anuitex-103\source\repos\BlackJack\BlackJack.UI\bundles\src\app\app.component.js
C:\Users\Anuitex-103\source\repos\BlackJack\BlackJack.UI\bundles\src\app\app.component.js.map
C:\Users\Anuitex-103\source\repos\BlackJack\BlackJack.UI\bundles\src\app\app-routing.module.js
C:\Users\Anuitex-103\source\repos\BlackJack\BlackJack.UI\bundles\src\app\app-routing.module.js.map
C:\Users\Anuitex-103\source\repos\BlackJack\BlackJack.UI\bundles\src\app\app.module.js
C:\Users\Anuitex-103\source\repos\BlackJack\BlackJack.UI\bundles\src\app\app.module.js.map
C:\Users\Anuitex-103\source\repos\BlackJack\BlackJack.UI\bundles\src\environments\environment.js
C:\Users\Anuitex-103\source\repos\BlackJack\BlackJack.UI\bundles\src\environments\environment.js.map
C:\Users\Anuitex-103\source\repos\BlackJack\BlackJack.UI\bundles\src\main.js
C:\Users\Anuitex-103\source\repos\BlackJack\BlackJack.UI\bundles\src\main.js.map
C:\Users\Anuitex-103\source\repos\BlackJack\BlackJack.UI\bundles\src\polyfills.js
C:\Users\Anuitex-103\source\repos\BlackJack\BlackJack.UI\bundles\src\polyfills.js.map
C:\Users\Anuitex-103\source\repos\BlackJack\BlackJack.UI\bundles\src\test.js
C:\Users\Anuitex-103\source\repos\BlackJack\BlackJack.UI\bundles\src\test.js.map
C:\Users\Anuitex-103\source\repos\BlackJack\BlackJack.UI\bundles\e2e\src\app.po.js
C:\Users\Anuitex-103\source\repos\BlackJack\BlackJack.UI\bundles\e2e\src\app.po.js.map
C:\Users\Anuitex-103\source\repos\BlackJack\BlackJack.UI\bundles\e2e\src\app.e2e-spec.js
C:\Users\Anuitex-103\source\repos\BlackJack\BlackJack.UI\bundles\e2e\src\app.e2e-spec.js.map
C:\Users\Anuitex-103\source\repos\BlackJack\BlackJack.UI\bundles\src\app\app-routing.module.spec.js
C:\Users\Anuitex-103\source\repos\BlackJack\BlackJack.UI\bundles\src\app\app-routing.module.spec.js.map
C:\Users\Anuitex-103\source\repos\BlackJack\BlackJack.UI\bundles\src\app\app.component.spec.js
C:\Users\Anuitex-103\source\repos\BlackJack\BlackJack.UI\bundles\src\app\app.component.spec.js.map
C:\Users\Anuitex-103\source\repos\BlackJack\BlackJack.UI\bundles\src\environments\environment.prod.js
C:\Users\Anuitex-103\source\repos\BlackJack\BlackJack.UI\bundles\src\environments\environment.prod.js.map
C:\Users\Anuitex-103\source\repos\BlackJack\BlackJack.UI\bundles\src\app\models\responseModels\response-game-process-game.model.js
C:\Users\Anuitex-103\source\repos\BlackJack\BlackJack.UI\bundles\src\app\models\responseModels\response-game-process-game.model.js.map
C:\Users\Anuitex-103\source\repos\BlackJack\BlackJack.UI\bundles\src\app\models\requestModels\request-get-card-game-view.js
C:\Users\Anuitex-103\source\repos\BlackJack\BlackJack.UI\bundles\src\app\models\requestModels\request-get-card-game-view.js.map
C:\Users\Anuitex-103\source\repos\BlackJack\BlackJack.UI\bundles\src\app\models\requestModels\request-get-first-deal-game-view.js
C:\Users\Anuitex-103\source\repos\BlackJack\BlackJack.UI\bundles\src\app\models\requestModels\request-get-first-deal-game-view.js.map
C:\Users\Anuitex-103\source\repos\BlackJack\BlackJack.UI\bundles\src\app\models\requestModels\request-bot-logic-game-view.js
C:\Users\Anuitex-103\source\repos\BlackJack\BlackJack.UI\bundles\src\app\models\requestModels\request-bot-logic-game-view.js.map
C:\Users\Anuitex-103\source\repos\BlackJack\BlackJack.UI\bundles\src\app\models\requestModels\request-find-winner-game-view.js
C:\Users\Anuitex-103\source\repos\BlackJack\BlackJack.UI\bundles\src\app\models\requestModels\request-find-winner-game-view.js.map
C:\Users\Anuitex-103\source\repos\BlackJack\BlackJack.UI\bundles\src\app\models\requestModels\request-new-round.view.js
C:\Users\Anuitex-103\source\repos\BlackJack\BlackJack.UI\bundles\src\app\models\requestModels\request-new-round.view.js.map
C:\Users\Anuitex-103\source\repos\BlackJack\BlackJack.UI\bundles\src\app\services\http-game-process.servise.js
C:\Users\Anuitex-103\source\repos\BlackJack\BlackJack.UI\bundles\src\app\services\http-game-process.servise.js.map
C:\Users\Anuitex-103\source\repos\BlackJack\BlackJack.UI\bundles\src\app\models\responseModels\response-get-card-game.model.js
C:\Users\Anuitex-103\source\repos\BlackJack\BlackJack.UI\bundles\src\app\models\responseModels\response-get-card-game.model.js.map
C:\Users\Anuitex-103\source\repos\BlackJack\BlackJack.UI\bundles\src\app\models\responseModels\response-get-first-deal-game.model.js
C:\Users\Anuitex-103\source\repos\BlackJack\BlackJack.UI\bundles\src\app\models\responseModels\response-get-first-deal-game.model.js.map
C:\Users\Anuitex-103\source\repos\BlackJack\BlackJack.UI\bundles\src\app\models\responseModels\response-bot-logic-game.model.js
C:\Users\Anuitex-103\source\repos\BlackJack\BlackJack.UI\bundles\src\app\models\responseModels\response-bot-logic-game.model.js.map
C:\Users\Anuitex-103\source\repos\BlackJack\BlackJack.UI\bundles\src\app\models\responseModels\response-find-winner-game.model.js
C:\Users\Anuitex-103\source\repos\BlackJack\BlackJack.UI\bundles\src\app\models\responseModels\response-find-winner-game.model.js.map
C:\Users\Anuitex-103\source\repos\BlackJack\BlackJack.UI\bundles\src\app\models\responseModels\response-new-round-game.model.js
C:\Users\Anuitex-103\source\repos\BlackJack\BlackJack.UI\bundles\src\app\models\responseModels\response-new-round-game.model.js.map
C:\Users\Anuitex-103\source\repos\BlackJack\BlackJack.UI\bundles\src\app\game-process\game-process.component.js
C:\Users\Anuitex-103\source\repos\BlackJack\BlackJack.UI\bundles\src\app\game-process\game-process.component.js.map
C:\Users\Anuitex-103\source\repos\BlackJack\BlackJack.UI\bundles\src\app\game-process\game-process-routing.module.js
C:\Users\Anuitex-103\source\repos\BlackJack\BlackJack.UI\bundles\src\app\game-process\game-process-routing.module.js.map
C:\Users\Anuitex-103\source\repos\BlackJack\BlackJack.UI\bundles\src\app\game-process\game-process.component.spec.js
C:\Users\Anuitex-103\source\repos\BlackJack\BlackJack.UI\bundles\src\app\game-process\game-process.component.spec.js.map
C:\Users\Anuitex-103\source\repos\BlackJack\BlackJack.UI\bundles\src\app\game-process\game-process.module.js
C:\Users\Anuitex-103\source\repos\BlackJack\BlackJack.UI\bundles\src\app\game-process\game-process.module.js.map
C:\Users\Anuitex-103\source\repos\BlackJack\BlackJack.UI\bundles\src\app\game-process\game-process.module.spec.js
C:\Users\Anuitex-103\source\repos\BlackJack\BlackJack.UI\bundles\src\app\game-process\game-process.module.spec.js.map
C:\Users\Anuitex-103\source\repos\BlackJack\BlackJack.UI\bundles\src\app\models\round-list-history.model.js
C:\Users\Anuitex-103\source\repos\BlackJack\BlackJack.UI\bundles\src\app\models\round-list-history.model.js.map
C:\Users\Anuitex-103\source\repos\BlackJack\BlackJack.UI\bundles\src\app\models\details-round-history.model.js
C:\Users\Anuitex-103\source\repos\BlackJack\BlackJack.UI\bundles\src\app\models\details-round-history.model.js.map
C:\Users\Anuitex-103\source\repos\BlackJack\BlackJack.UI\bundles\src\app\services\http-history-games-round-list.service.js
C:\Users\Anuitex-103\source\repos\BlackJack\BlackJack.UI\bundles\src\app\services\http-history-games-round-list.service.js.map
C:\Users\Anuitex-103\source\repos\BlackJack\BlackJack.UI\bundles\src\app\history-games-round-list\history-games-round-list.component.js
C:\Users\Anuitex-103\source\repos\BlackJack\BlackJack.UI\bundles\src\app\history-games-round-list\history-games-round-list.component.js.map
C:\Users\Anuitex-103\source\repos\BlackJack\BlackJack.UI\bundles\src\app\history-games-round-list\history-games-round-list-routing.module.js
C:\Users\Anuitex-103\source\repos\BlackJack\BlackJack.UI\bundles\src\app\history-games-round-list\history-games-round-list-routing.module.js.map
C:\Users\Anuitex-103\source\repos\BlackJack\BlackJack.UI\bundles\src\app\history-games-round-list\history-games-round-list.component.spec.js
C:\Users\Anuitex-103\source\repos\BlackJack\BlackJack.UI\bundles\src\app\history-games-round-list\history-games-round-list.component.spec.js.map
C:\Users\Anuitex-103\source\repos\BlackJack\BlackJack.UI\bundles\src\app\history-round-details-modal\history-round-details-modal.component.js
C:\Users\Anuitex-103\source\repos\BlackJack\BlackJack.UI\bundles\src\app\history-round-details-modal\history-round-details-modal.component.js.map
C:\Users\Anuitex-103\source\repos\BlackJack\BlackJack.UI\bundles\src\app\history-games-round-list\history-games-round-list.module.js
C:\Users\Anuitex-103\source\repos\BlackJack\BlackJack.UI\bundles\src\app\history-games-round-list\history-games-round-list.module.js.map
C:\Users\Anuitex-103\source\repos\BlackJack\BlackJack.UI\bundles\src\app\history-games-round-list\history-games-round-list.module.spec.js
C:\Users\Anuitex-103\source\repos\BlackJack\BlackJack.UI\bundles\src\app\history-games-round-list\history-games-round-list.module.spec.js.map
C:\Users\Anuitex-103\source\repos\BlackJack\BlackJack.UI\bundles\src\app\models\game-list-history.model.js
C:\Users\Anuitex-103\source\repos\BlackJack\BlackJack.UI\bundles\src\app\models\game-list-history.model.js.map
C:\Users\Anuitex-103\source\repos\BlackJack\BlackJack.UI\bundles\src\app\services\http-history-player-games-list.service.js
C:\Users\Anuitex-103\source\repos\BlackJack\BlackJack.UI\bundles\src\app\services\http-history-player-games-list.service.js.map
C:\Users\Anuitex-103\source\repos\BlackJack\BlackJack.UI\bundles\src\app\history-player-games-list\history-player-games-list.component.js
C:\Users\Anuitex-103\source\repos\BlackJack\BlackJack.UI\bundles\src\app\history-player-games-list\history-player-games-list.component.js.map
C:\Users\Anuitex-103\source\repos\BlackJack\BlackJack.UI\bundles\src\app\history-player-games-list\history-player-games-list-routing.module.js
C:\Users\Anuitex-103\source\repos\BlackJack\BlackJack.UI\bundles\src\app\history-player-games-list\history-player-games-list-routing.module.js.map
C:\Users\Anuitex-103\source\repos\BlackJack\BlackJack.UI\bundles\src\app\history-player-games-list\history-player-games-list.component.spec.js
C:\Users\Anuitex-103\source\repos\BlackJack\BlackJack.UI\bundles\src\app\history-player-games-list\history-player-games-list.component.spec.js.map
C:\Users\Anuitex-103\source\repos\BlackJack\BlackJack.UI\bundles\src\app\history-player-games-list\history-player-games-list.module.js
C:\Users\Anuitex-103\source\repos\BlackJack\BlackJack.UI\bundles\src\app\history-player-games-list\history-player-games-list.module.js.map
C:\Users\Anuitex-103\source\repos\BlackJack\BlackJack.UI\bundles\src\app\history-player-games-list\history-player-games-list.module.spec.js
C:\Users\Anuitex-103\source\repos\BlackJack\BlackJack.UI\bundles\src\app\history-player-games-list\history-player-games-list.module.spec.js.map
C:\Users\Anuitex-103\source\repos\BlackJack\BlackJack.UI\bundles\src\app\services\http-history-player-list.service.js
C:\Users\Anuitex-103\source\repos\BlackJack\BlackJack.UI\bundles\src\app\services\http-history-player-list.service.js.map
C:\Users\Anuitex-103\source\repos\BlackJack\BlackJack.UI\bundles\src\app\models\index-history.model.js
C:\Users\Anuitex-103\source\repos\BlackJack\BlackJack.UI\bundles\src\app\models\index-history.model.js.map
C:\Users\Anuitex-103\source\repos\BlackJack\BlackJack.UI\bundles\src\app\history-player-list\history-player-list.component.js
C:\Users\Anuitex-103\source\repos\BlackJack\BlackJack.UI\bundles\src\app\history-player-list\history-player-list.component.js.map
C:\Users\Anuitex-103\source\repos\BlackJack\BlackJack.UI\bundles\src\app\history-player-list\history-player-list-routing.module.js
C:\Users\Anuitex-103\source\repos\BlackJack\BlackJack.UI\bundles\src\app\history-player-list\history-player-list-routing.module.js.map
C:\Users\Anuitex-103\source\repos\BlackJack\BlackJack.UI\bundles\src\app\history-player-list\history-player-list.component.spec.js
C:\Users\Anuitex-103\source\repos\BlackJack\BlackJack.UI\bundles\src\app\history-player-list\history-player-list.component.spec.js.map
C:\Users\Anuitex-103\source\repos\BlackJack\BlackJack.UI\bundles\src\app\history-player-list\history-player-list.module.js
C:\Users\Anuitex-103\source\repos\BlackJack\BlackJack.UI\bundles\src\app\history-player-list\history-player-list.module.js.map
C:\Users\Anuitex-103\source\repos\BlackJack\BlackJack.UI\bundles\src\app\history-player-list\history-player-list.module.spec.js
C:\Users\Anuitex-103\source\repos\BlackJack\BlackJack.UI\bundles\src\app\history-player-list\history-player-list.module.spec.js.map
C:\Users\Anuitex-103\source\repos\BlackJack\BlackJack.UI\bundles\src\app\history-round-details-modal\history-round-details-modal-routing.module.js
C:\Users\Anuitex-103\source\repos\BlackJack\BlackJack.UI\bundles\src\app\history-round-details-modal\history-round-details-modal-routing.module.js.map
C:\Users\Anuitex-103\source\repos\BlackJack\BlackJack.UI\bundles\src\app\history-round-details-modal\history-round-details-modal.component.spec.js
C:\Users\Anuitex-103\source\repos\BlackJack\BlackJack.UI\bundles\src\app\history-round-details-modal\history-round-details-modal.component.spec.js.map
C:\Users\Anuitex-103\source\repos\BlackJack\BlackJack.UI\bundles\src\app\history-round-details-modal\history-round-details-modal.module.js
C:\Users\Anuitex-103\source\repos\BlackJack\BlackJack.UI\bundles\src\app\history-round-details-modal\history-round-details-modal.module.js.map
C:\Users\Anuitex-103\source\repos\BlackJack\BlackJack.UI\bundles\src\app\history-round-details-modal\history-round-details-modal.module.spec.js
C:\Users\Anuitex-103\source\repos\BlackJack\BlackJack.UI\bundles\src\app\history-round-details-modal\history-round-details-modal.module.spec.js.map
C:\Users\Anuitex-103\source\repos\BlackJack\BlackJack.UI\bundles\src\app\models\requestModels\request-game-start-options-game.model.js
C:\Users\Anuitex-103\source\repos\BlackJack\BlackJack.UI\bundles\src\app\models\requestModels\request-game-start-options-game.model.js.map
C:\Users\Anuitex-103\source\repos\BlackJack\BlackJack.UI\bundles\src\app\services\http-start-game-options.service.js
C:\Users\Anuitex-103\source\repos\BlackJack\BlackJack.UI\bundles\src\app\services\http-start-game-options.service.js.map
C:\Users\Anuitex-103\source\repos\BlackJack\BlackJack.UI\bundles\src\app\models\responseModels\response-game-start-options-game.model.js
C:\Users\Anuitex-103\source\repos\BlackJack\BlackJack.UI\bundles\src\app\models\responseModels\response-game-start-options-game.model.js.map
C:\Users\Anuitex-103\source\repos\BlackJack\BlackJack.UI\bundles\src\app\start-game-options\start-game-options.component.js
C:\Users\Anuitex-103\source\repos\BlackJack\BlackJack.UI\bundles\src\app\start-game-options\start-game-options.component.js.map
C:\Users\Anuitex-103\source\repos\BlackJack\BlackJack.UI\bundles\src\app\start-game-options\start-game-options-routing.module.js
C:\Users\Anuitex-103\source\repos\BlackJack\BlackJack.UI\bundles\src\app\start-game-options\start-game-options-routing.module.js.map
C:\Users\Anuitex-103\source\repos\BlackJack\BlackJack.UI\bundles\src\app\start-game-options\start-game-options.component.spec.js
C:\Users\Anuitex-103\source\repos\BlackJack\BlackJack.UI\bundles\src\app\start-game-options\start-game-options.component.spec.js.map
C:\Users\Anuitex-103\source\repos\BlackJack\BlackJack.UI\bundles\src\app\start-game-options\start-game-options.module.js
C:\Users\Anuitex-103\source\repos\BlackJack\BlackJack.UI\bundles\src\app\start-game-options\start-game-options.module.js.map
C:\Users\Anuitex-103\source\repos\BlackJack\BlackJack.UI\bundles\src\app\start-game-options\start-game-options.module.spec.js
C:\Users\Anuitex-103\source\repos\BlackJack\BlackJack.UI\bundles\src\app\start-game-options\start-game-options.module.spec.js.map
C:\Users\Anuitex-103\source\repos\BlackJack\BlackJack.UI\bundles\src\app\welcome-screen\welcome-screen.component.js
C:\Users\Anuitex-103\source\repos\BlackJack\BlackJack.UI\bundles\src\app\welcome-screen\welcome-screen.component.js.map
C:\Users\Anuitex-103\source\repos\BlackJack\BlackJack.UI\bundles\src\app\welcome-screen\welcome-screen-routing.module.js
C:\Users\Anuitex-103\source\repos\BlackJack\BlackJack.UI\bundles\src\app\welcome-screen\welcome-screen-routing.module.js.map
C:\Users\Anuitex-103\source\repos\BlackJack\BlackJack.UI\bundles\src\app\welcome-screen\welcome-screen.component.spec.js
C:\Users\Anuitex-103\source\repos\BlackJack\BlackJack.UI\bundles\src\app\welcome-screen\welcome-screen.component.spec.js.map
C:\Users\Anuitex-103\source\repos\BlackJack\BlackJack.UI\bundles\src\app\welcome-screen\welcome-screen.module.js
C:\Users\Anuitex-103\source\repos\BlackJack\BlackJack.UI\bundles\src\app\welcome-screen\welcome-screen.module.js.map
C:\Users\Anuitex-103\source\repos\BlackJack\BlackJack.UI\bundles\src\app\welcome-screen\welcome-screen.module.spec.js
C:\Users\Anuitex-103\source\repos\BlackJack\BlackJack.UI\bundles\src\app\welcome-screen\welcome-screen.module.spec.js.map
